<?xml version="1.0" encoding="UTF-8"?>
<!-- Generated by org.testng.reporters.JUnitXMLReporter -->
<testsuite hostname="DESKTOP-U71LD0U" ignored="0" name="Free CRM App Test Cases" tests="3" failures="0" timestamp="16 Nov 2018 05:37:57 GMT" time="93.449" errors="0">
  <testcase name="verifyHomePageTitleTest" time="3.033" classname="com.crm.qa.testcases.HomePageTest"/>
  <testcase name="verifyUserNameTest" time="0.222" classname="com.crm.qa.testcases.HomePageTest"/>
  <testcase name="verifyContactsLinkTest" time="2.507" classname="com.crm.qa.testcases.HomePageTest"/>
</testsuite> <!-- Free CRM App Test Cases -->
