<?xml version="1.0" encoding="UTF-8"?>
<!-- Generated by org.testng.reporters.JUnitXMLReporter -->
<testsuite hostname="DESKTOP-U71LD0U" ignored="0" name="Default test" tests="3" failures="0" timestamp="16 Nov 2018 05:29:35 GMT" time="110.335" errors="0">
  <testcase name="verifyHomePageTitleTest" time="3.03" classname="com.crm.qa.testcases.HomePageTest"/>
  <testcase name="verifyUserNameTest" time="0.16" classname="com.crm.qa.testcases.HomePageTest"/>
  <testcase name="verifyContactsLinkTest" time="2.461" classname="com.crm.qa.testcases.HomePageTest"/>
</testsuite> <!-- Default test -->
